--- Post Scores ---
post: group-captive-solar-india-guide score=100.0/100 | words=2084 (25/25), h2=10 (5/5), h3=28 (5/5), lists=57 (5/5), title=53ch (8/8), desc=148ch (7/7), image=yes (5/5), category=Open Access (5/5), internal_links=11 (10/10), faq=yes (8/8), stats=221 (5/5), definitive=8 (5/5), toc/summary=yes (4/4), comparison=yes (3/3)
post: india-solar-industry-outlook-2025-26 score=100.0/100 | words=1893 (25/25), h2=8 (5/5), h3=21 (5/5), lists=34 (5/5), title=48ch (8/8), desc=150ch (7/7), image=yes (5/5), category=Policy & Subsidy (5/5), internal_links=17 (10/10), faq=yes (8/8), stats=294 (5/5), definitive=12 (5/5), toc/summary=yes (4/4), comparison=yes (3/3)
post: net-metering-policy-india-guide score=100.0/100 | words=1720 (25/25), h2=8 (5/5), h3=24 (5/5), lists=61 (5/5), title=51ch (8/8), desc=144ch (7/7), image=yes (5/5), category=Net Metering (5/5), internal_links=5 (10/10), faq=yes (8/8), stats=139 (5/5), definitive=3 (5/5), toc/summary=yes (4/4), comparison=yes (3/3)
post: open-access-solar-india-guide score=100.0/100 | words=1892 (25/25), h2=9 (5/5), h3=25 (5/5), lists=66 (5/5), title=55ch (8/8), desc=143ch (7/7), image=yes (5/5), category=Open Access (5/5), internal_links=5 (10/10), faq=yes (8/8), stats=189 (5/5), definitive=6 (5/5), toc/summary=yes (4/4), comparison=yes (3/3)
post: pm-surya-ghar-yojana-solar-subsidy-india score=100.0/100 | words=1956 (25/25), h2=8 (5/5), h3=25 (5/5), lists=56 (5/5), title=53ch (8/8), desc=144ch (7/7), image=yes (5/5), category=Policy & Subsidy (5/5), internal_links=10 (10/10), faq=yes (8/8), stats=155 (5/5), definitive=5 (5/5), toc/summary=yes (4/4), comparison=yes (3/3)
post: resco-opex-solar-model-india score=100.0/100 | words=1867 (25/25), h2=10 (5/5), h3=25 (5/5), lists=56 (5/5), title=55ch (8/8), desc=150ch (7/7), image=yes (5/5), category=RESCO & OPEX (5/5), internal_links=5 (10/10), faq=yes (8/8), stats=183 (5/5), definitive=4 (5/5), toc/summary=yes (4/4), comparison=yes (3/3)
post: solar-battery-storage-industry-india score=100.0/100 | words=1914 (25/25), h2=9 (5/5), h3=23 (5/5), lists=44 (5/5), title=53ch (8/8), desc=147ch (7/7), image=yes (5/5), category=Comparisons (5/5), internal_links=13 (10/10), faq=yes (8/8), stats=286 (5/5), definitive=17 (5/5), toc/summary=yes (4/4), comparison=yes (3/3)
post: solar-epc-company-haryana-guide score=100.0/100 | words=1962 (25/25), h2=9 (5/5), h3=26 (5/5), lists=67 (5/5), title=50ch (8/8), desc=148ch (7/7), image=yes (5/5), category=Solar EPC (5/5), internal_links=23 (10/10), faq=yes (8/8), stats=193 (5/5), definitive=5 (5/5), toc/summary=yes (4/4), comparison=yes (3/3)
post: solar-epc-cost-per-mw-india score=100.0/100 | words=1764 (25/25), h2=9 (5/5), h3=21 (5/5), lists=46 (5/5), title=51ch (8/8), desc=143ch (7/7), image=yes (5/5), category=Solar EPC (5/5), internal_links=5 (10/10), faq=yes (8/8), stats=236 (5/5), definitive=15 (5/5), toc/summary=yes (4/4), comparison=yes (3/3)
post: solar-financing-bank-loan-india-guide score=100.0/100 | words=1901 (25/25), h2=8 (5/5), h3=23 (5/5), lists=31 (5/5), title=52ch (8/8), desc=147ch (7/7), image=yes (5/5), category=Solar ROI (5/5), internal_links=19 (10/10), faq=yes (8/8), stats=243 (5/5), definitive=14 (5/5), toc/summary=yes (4/4), comparison=yes (3/3)
post: solar-for-cold-storage-warehouses-india score=100.0/100 | words=1929 (25/25), h2=7 (5/5), h3=23 (5/5), lists=59 (5/5), title=51ch (8/8), desc=142ch (7/7), image=yes (5/5), category=Industry Solutions (5/5), internal_links=15 (10/10), faq=yes (8/8), stats=236 (5/5), definitive=5 (5/5), toc/summary=yes (4/4), comparison=yes (3/3)
post: solar-for-commercial-buildings-it-parks score=100.0/100 | words=1948 (25/25), h2=8 (5/5), h3=25 (5/5), lists=71 (5/5), title=50ch (8/8), desc=148ch (7/7), image=yes (5/5), category=Industry Solutions (5/5), internal_links=17 (10/10), faq=yes (8/8), stats=211 (5/5), definitive=6 (5/5), toc/summary=yes (4/4), comparison=yes (3/3)
post: solar-for-manufacturing-plants-india score=100.0/100 | words=1652 (25/25), h2=7 (5/5), h3=25 (5/5), lists=37 (5/5), title=55ch (8/8), desc=141ch (7/7), image=yes (5/5), category=Industry Solutions (5/5), internal_links=8 (10/10), faq=yes (8/8), stats=166 (5/5), definitive=5 (5/5), toc/summary=yes (4/4), comparison=yes (3/3)
post: solar-for-pharma-chemical-plants-india score=100.0/100 | words=1517 (25/25), h2=7 (5/5), h3=17 (5/5), lists=27 (5/5), title=50ch (8/8), desc=152ch (7/7), image=yes (5/5), category=Industry Solutions (5/5), internal_links=21 (10/10), faq=yes (8/8), stats=212 (5/5), definitive=10 (5/5), toc/summary=yes (4/4), comparison=yes (3/3)
post: solar-for-textile-industry-india score=100.0/100 | words=1962 (25/25), h2=9 (5/5), h3=24 (5/5), lists=91 (5/5), title=51ch (8/8), desc=147ch (7/7), image=yes (5/5), category=Industry Solutions (5/5), internal_links=25 (10/10), faq=yes (8/8), stats=217 (5/5), definitive=5 (5/5), toc/summary=yes (4/4), comparison=yes (3/3)
post: solar-installation-faridabad-delhi-ncr score=100.0/100 | words=1939 (25/25), h2=9 (5/5), h3=28 (5/5), lists=74 (5/5), title=50ch (8/8), desc=141ch (7/7), image=yes (5/5), category=Solar EPC (5/5), internal_links=9 (10/10), faq=yes (8/8), stats=254 (5/5), definitive=3 (5/5), toc/summary=yes (4/4), comparison=yes (3/3)
post: solar-installation-rajasthan-industry-guide score=100.0/100 | words=1782 (25/25), h2=10 (5/5), h3=22 (5/5), lists=51 (5/5), title=51ch (8/8), desc=147ch (7/7), image=yes (5/5), category=Solar EPC (5/5), internal_links=21 (10/10), faq=yes (8/8), stats=260 (5/5), definitive=15 (5/5), toc/summary=yes (4/4), comparison=yes (3/3)
post: solar-monitoring-system-india-guide score=100.0/100 | words=2088 (25/25), h2=8 (5/5), h3=25 (5/5), lists=69 (5/5), title=49ch (8/8), desc=151ch (7/7), image=yes (5/5), category=Solar O&M (5/5), internal_links=8 (10/10), faq=yes (8/8), stats=143 (5/5), definitive=7 (5/5), toc/summary=yes (4/4), comparison=yes (3/3)
post: solar-panel-cleaning-schedule-india score=100.0/100 | words=2285 (25/25), h2=10 (5/5), h3=26 (5/5), lists=65 (5/5), title=51ch (8/8), desc=145ch (7/7), image=yes (5/5), category=Solar O&M (5/5), internal_links=11 (10/10), faq=yes (8/8), stats=306 (5/5), definitive=5 (5/5), toc/summary=yes (4/4), comparison=yes (3/3)
post: solar-panel-maintenance-om-guide-india score=100.0/100 | words=2189 (25/25), h2=11 (5/5), h3=33 (5/5), lists=80 (5/5), title=50ch (8/8), desc=140ch (7/7), image=yes (5/5), category=Solar O&M (5/5), internal_links=3 (10/10), faq=yes (8/8), stats=192 (5/5), definitive=7 (5/5), toc/summary=yes (4/4), comparison=yes (3/3)
post: solar-panel-roi-payback-period-india score=100.0/100 | words=1914 (25/25), h2=10 (5/5), h3=28 (5/5), lists=82 (5/5), title=51ch (8/8), desc=138ch (7/7), image=yes (5/5), category=Solar ROI (5/5), internal_links=5 (10/10), faq=yes (8/8), stats=329 (5/5), definitive=12 (5/5), toc/summary=yes (4/4), comparison=yes (3/3)
post: solar-ppa-agreement-india-guide score=100.0/100 | words=2509 (25/25), h2=11 (5/5), h3=28 (5/5), lists=71 (5/5), title=50ch (8/8), desc=153ch (7/7), image=yes (5/5), category=RESCO & OPEX (5/5), internal_links=11 (10/10), faq=yes (8/8), stats=323 (5/5), definitive=4 (5/5), toc/summary=yes (4/4), comparison=yes (3/3)
post: solar-savings-calculator-india-factory score=100.0/100 | words=1721 (25/25), h2=6 (5/5), h3=25 (5/5), lists=15 (5/5), title=50ch (8/8), desc=149ch (7/7), image=yes (5/5), category=Solar ROI (5/5), internal_links=22 (10/10), faq=yes (8/8), stats=385 (5/5), definitive=6 (5/5), toc/summary=yes (4/4), comparison=yes (3/3)
post: solar-vs-diesel-generator-cost-comparison score=100.0/100 | words=1837 (25/25), h2=9 (5/5), h3=24 (5/5), lists=80 (5/5), title=56ch (8/8), desc=144ch (7/7), image=yes (5/5), category=Comparisons (5/5), internal_links=8 (10/10), faq=yes (8/8), stats=235 (5/5), definitive=3 (5/5), toc/summary=yes (4/4), comparison=yes (3/3)
post: string-vs-central-inverter-solar score=100.0/100 | words=1947 (25/25), h2=10 (5/5), h3=24 (5/5), lists=36 (5/5), title=54ch (8/8), desc=148ch (7/7), image=yes (5/5), category=Comparisons (5/5), internal_links=7 (10/10), faq=yes (8/8), stats=243 (5/5), definitive=3 (5/5), toc/summary=yes (4/4), comparison=yes (3/3)
post: waaree-vs-trina-solar-panels-india score=100.0/100 | words=1607 (25/25), h2=10 (5/5), h3=20 (5/5), lists=27 (5/5), title=51ch (8/8), desc=157ch (7/7), image=yes (5/5), category=Comparisons (5/5), internal_links=19 (10/10), faq=yes (8/8), stats=224 (5/5), definitive=8 (5/5), toc/summary=yes (4/4), comparison=yes (3/3)

--- Technical SEO ---
technical: score=60.0/60 | sitemap=yes (10/10), robots=yes (10/10), posts=26 (30/30), categories=9 (10/10)

--- Lighthouse SEO Audit ---
lighthouse: dev server failed to start, skipping

--- Summary ---
post_count: 26
avg_post_score: 100.0
technical_score: 60.0
content_score: 100.0
lighthouse_avg: N/A
seo_score: 100.0
status: success
